20:54:10.972 INFO  manager.ApplicationManager - All tests runs i Chrome Browser
20:54:12.266 INFO  manager.ApplicationManager - The link-->https://telranedu.web.app/home
20:54:12.321 INFO  tests.TestBase - Name of method --->loginSuccess
20:54:17.336 INFO  tests.TestBase - Start test with name 'Login Success'
20:54:17.336 INFO  tests.TestBase - Test data ---> email: 'margo@gmail.com' & password: 'Mmar123456$'
20:54:17.337 INFO  manager.WDListener - Before find elementBy.cssSelector: a[href='/login']
20:54:17.376 INFO  manager.WDListener - After find elementBy.cssSelector: a[href='/login']
20:54:17.394 INFO  manager.WDListener - Location of elementa
20:54:17.432 INFO  manager.WDListener - Before click element --->atext = LOGIN
20:54:17.552 INFO  manager.WDListener - After click element-->a
20:54:17.552 INFO  manager.HelperBase - open form by click on button with locator By.cssSelector("a[href='/login']") 
20:54:17.553 INFO  manager.WDListener - Before find elementBy.name: email
20:54:17.587 INFO  manager.WDListener - After find elementBy.name: email
20:54:17.595 INFO  manager.WDListener - Location of elementinput
20:54:17.618 INFO  manager.WDListener - Before click element --->inputtext = 
20:54:17.724 INFO  manager.WDListener - After click element-->input
20:54:17.789 INFO  manager.WDListener - SendKeys-->input
20:54:17.852 INFO  manager.WDListener - SendKeys-->input
20:54:17.892 INFO  manager.WDListener - SendKeys-->input
20:54:17.961 INFO  manager.HelperBase - type in input with locator By.name("email")
20:54:17.962 INFO  manager.WDListener - Before find elementBy.xpath: //input[@placeholder='Password']
20:54:18.006 INFO  manager.WDListener - After find elementBy.xpath: //input[@placeholder='Password']
20:54:18.014 INFO  manager.WDListener - Location of elementinput
20:54:18.032 INFO  manager.WDListener - Before click element --->inputtext = 
20:54:18.128 INFO  manager.WDListener - After click element-->input
20:54:18.168 INFO  manager.WDListener - SendKeys-->input
20:54:18.214 INFO  manager.WDListener - SendKeys-->input
20:54:18.266 INFO  manager.WDListener - SendKeys-->input
20:54:18.335 INFO  manager.HelperBase - type in input with locator By.xpath("//input[@placeholder='Password']") 
20:54:18.336 INFO  manager.WDListener - Before find elementBy.xpath: //button[text()='Login']
20:54:18.371 INFO  manager.WDListener - After find elementBy.xpath: //button[text()='Login']
20:54:18.378 INFO  manager.WDListener - Location of elementbutton
20:54:18.401 INFO  manager.WDListener - Before click element --->buttontext = Login
20:54:19.551 INFO  tests.TestBase - Assert check is element button 'Sign out' present
20:54:19.553 INFO  tests.TestBase - ================================================
