19:08:36.937 INFO  manager.ApplicationManager - All tests runs i Chrome Browser
19:08:37.542 INFO  manager.ApplicationManager - The link-->https://telranedu.web.app/home
19:08:37.565 INFO  tests.TestBase - Name of method --->loginSuccess
19:08:42.634 INFO  tests.TestBase - Start test with name 'Login Success'
19:08:42.634 INFO  tests.TestBase - Test data ---> email: 'margo@gmail.com' & password: 'Mmar123456$'
19:08:44.339 INFO  tests.TestBase - Assert check is element button 'Sign out' present
19:08:44.343 INFO  tests.TestBase - Name of method --->loginSuccessModel
19:08:44.445 INFO  tests.TestBase - Before method finished logout
19:08:44.446 INFO  tests.TestBase - Test data ---> email: 'margo@gmail.com' & password: 'Mmar123456$'
19:08:45.372 INFO  tests.TestBase - Assert check is element button 'Sign out' present
19:08:45.374 INFO  tests.TestBase - Name of method --->loginUnregisteredUser
19:08:45.452 INFO  tests.TestBase - Before method finished logout
19:08:45.452 INFO  tests.TestBase - Test data ---> email: 'margomargo@gmail.com' & password: 'Mmar123456$'
19:08:46.556 INFO  tests.TestBase - Assert check is alert present with error text 'Wrong email or password'
19:08:46.559 INFO  tests.TestBase - Name of method --->loginWrongEmail
19:08:51.587 INFO  tests.TestBase - Test data ---> email: 'margogmail.com' & password: 'Mmar123456$'
19:08:52.705 INFO  tests.TestBase - Assert check is alert present with error text 'Wrong email or password'
19:08:52.706 INFO  tests.TestBase - Name of method --->loginWrongPassword
19:08:57.763 INFO  tests.TestBase - Test data ---> email: 'margo@gmail.com' & password: 'Mmar123'
19:08:58.928 INFO  tests.TestBase - Assert check is alert present with error text 'Wrong email or password'
